;  LST file generated by mikroListExporter - v.2.0 
; Date/Time: 4/26/2022 10:53:07 AM
;----------------------------------------------

;Address Opcode 	ASM
0x0000	0x2A37      	GOTO       567
_Delay_1us:
;__Lib_Delays.c,7 :: 		void Delay_1us() {
;__Lib_Delays.c,9 :: 		}
L_end_Delay_1us:
0x0003	0x0008      	RETURN
; end of _Delay_1us
_interrupt:
0x0004	0x00FF      	MOVWF      R15
0x0005	0x0E03      	SWAPF      STATUS, 0
0x0006	0x0183      	CLRF       STATUS
0x0007	0x1703      	BSF        STATUS, 6
0x0008	0x0091      	MOVWF      ___saveSTATUS
0x0009	0x080A      	MOVF       PCLATH, 0
0x000A	0x0090      	MOVWF      ___savePCLATH
0x000B	0x018A      	CLRF       PCLATH
0x000C	0x0870      	MOVF       R0, 0
0x000D	0x1303      	BCF        STATUS, 6
0x000E	0x00A2      	MOVWF      34
0x000F	0x087C      	MOVF       R12, 0
0x0010	0x00A1      	MOVWF      33
0x0011	0x087D      	MOVF       R13, 0
0x0012	0x00A0      	MOVWF      32
;Alzheimer.c,29 :: 		void interrupt(){
;Alzheimer.c,30 :: 		INTCON.INTF=0;
0x0013	0x108B      	BCF        INTCON, 1
;Alzheimer.c,31 :: 		for(i = 0; i < 6; i++){
0x0014	0x1683      	BSF        STATUS, 5
0x0015	0x01D0      	CLRF       _i
0x0016	0x01D1      	CLRF       _i+1
L_interrupt0:
0x0017	0x3080      	MOVLW      128
0x0018	0x0651      	XORWF      _i+1, 0
0x0019	0x00F0      	MOVWF      R0
0x001A	0x3080      	MOVLW      128
0x001B	0x0270      	SUBWF      R0, 0
0x001C	0x1D03      	BTFSS      STATUS, 2
0x001D	0x2820      	GOTO       L__interrupt32
0x001E	0x3006      	MOVLW      6
0x001F	0x0250      	SUBWF      _i, 0
L__interrupt32:
0x0020	0x1803      	BTFSC      STATUS, 0
0x0021	0x2832      	GOTO       L_interrupt1
;Alzheimer.c,32 :: 		PORTC.RC0 =~ PORTC.RC0;
0x0022	0x3001      	MOVLW      1
0x0023	0x1283      	BCF        STATUS, 5
0x0024	0x0687      	XORWF      PORTC, 1
;Alzheimer.c,33 :: 		Delay_ms(500);
0x0025	0x30A3      	MOVLW      163
0x0026	0x00FC      	MOVWF      R12
0x0027	0x3055      	MOVLW      85
0x0028	0x00FD      	MOVWF      R13
L_interrupt3:
0x0029	0x0BFD      	DECFSZ     R13, 1
0x002A	0x2829      	GOTO       L_interrupt3
0x002B	0x0BFC      	DECFSZ     R12, 1
0x002C	0x2829      	GOTO       L_interrupt3
;Alzheimer.c,31 :: 		for(i = 0; i < 6; i++){
0x002D	0x1683      	BSF        STATUS, 5
0x002E	0x0AD0      	INCF       _i, 1
0x002F	0x1903      	BTFSC      STATUS, 2
0x0030	0x0AD1      	INCF       _i+1, 1
;Alzheimer.c,34 :: 		}
0x0031	0x2817      	GOTO       L_interrupt0
L_interrupt1:
;Alzheimer.c,36 :: 		}
L_end_interrupt:
L__interrupt31:
0x0032	0x1283      	BCF        STATUS, 5
0x0033	0x0822      	MOVF       34, 0
0x0034	0x00F0      	MOVWF      R0
0x0035	0x0821      	MOVF       33, 0
0x0036	0x00FC      	MOVWF      R12
0x0037	0x0820      	MOVF       32, 0
0x0038	0x00FD      	MOVWF      R13
0x0039	0x1703      	BSF        STATUS, 6
0x003A	0x0810      	MOVF       ___savePCLATH, 0
0x003B	0x008A      	MOVWF      PCLATH
0x003C	0x0E11      	SWAPF      ___saveSTATUS, 0
0x003D	0x0083      	MOVWF      STATUS
0x003E	0x0EFF      	SWAPF      R15, 1
0x003F	0x0E7F      	SWAPF      R15, 0
0x0040	0x0009      	RETFIE
; end of _interrupt
_Delay_50us:
;__Lib_Delays.c,19 :: 		void Delay_50us() {
;__Lib_Delays.c,20 :: 		Delay_us(50);
0x0041	0x3003      	MOVLW      3
0x0042	0x1283      	BCF        STATUS, 5
0x0043	0x1303      	BCF        STATUS, 6
0x0044	0x00FD      	MOVWF      R13
L_Delay_50us0:
0x0045	0x0BFD      	DECFSZ     R13, 1
0x0046	0x2845      	GOTO       L_Delay_50us0
0x0047	0x0000      	NOP
0x0048	0x0000      	NOP
;__Lib_Delays.c,21 :: 		}
L_end_Delay_50us:
0x0049	0x0008      	RETURN
; end of _Delay_50us
_Delay_5500us:
;__Lib_Delays.c,31 :: 		void Delay_5500us() {
;__Lib_Delays.c,32 :: 		Delay_us(5500);
0x004A	0x3002      	MOVLW      2
0x004B	0x1283      	BCF        STATUS, 5
0x004C	0x1303      	BCF        STATUS, 6
0x004D	0x00FC      	MOVWF      R12
0x004E	0x30C8      	MOVLW      200
0x004F	0x00FD      	MOVWF      R13
L_Delay_5500us3:
0x0050	0x0BFD      	DECFSZ     R13, 1
0x0051	0x2850      	GOTO       L_Delay_5500us3
0x0052	0x0BFC      	DECFSZ     R12, 1
0x0053	0x2850      	GOTO       L_Delay_5500us3
;__Lib_Delays.c,33 :: 		}
L_end_Delay_5500us:
0x0054	0x0008      	RETURN
; end of _Delay_5500us
_Lcd_Cmd:
;__Lib_Lcd.c,18 :: 		
;__Lib_Lcd.c,20 :: 		
0x0055	0x1283      	BCF        STATUS, 5
0x0056	0x1703      	BSF        STATUS, 6
0x0057	0x1B98      	BTFSC      FARG_Lcd_Cmd_out_char, 7
0x0058	0x285C      	GOTO       L__Lcd_Cmd21
0x0059	0x1303      	BCF        STATUS, 6
0x005A	0x1188      	BCF        LCD_D7, BitPos(LCD_D7+0)
0x005B	0x285E      	GOTO       L__Lcd_Cmd22
L__Lcd_Cmd21:
0x005C	0x1303      	BCF        STATUS, 6
0x005D	0x1588      	BSF        LCD_D7, BitPos(LCD_D7+0)
L__Lcd_Cmd22:
;__Lib_Lcd.c,21 :: 		
0x005E	0x1703      	BSF        STATUS, 6
0x005F	0x1B18      	BTFSC      FARG_Lcd_Cmd_out_char, 6
0x0060	0x2864      	GOTO       L__Lcd_Cmd23
0x0061	0x1303      	BCF        STATUS, 6
0x0062	0x1108      	BCF        LCD_D6, BitPos(LCD_D6+0)
0x0063	0x2866      	GOTO       L__Lcd_Cmd24
L__Lcd_Cmd23:
0x0064	0x1303      	BCF        STATUS, 6
0x0065	0x1508      	BSF        LCD_D6, BitPos(LCD_D6+0)
L__Lcd_Cmd24:
;__Lib_Lcd.c,22 :: 		
0x0066	0x1703      	BSF        STATUS, 6
0x0067	0x1A98      	BTFSC      FARG_Lcd_Cmd_out_char, 5
0x0068	0x286C      	GOTO       L__Lcd_Cmd25
0x0069	0x1303      	BCF        STATUS, 6
0x006A	0x1088      	BCF        LCD_D5, BitPos(LCD_D5+0)
0x006B	0x286E      	GOTO       L__Lcd_Cmd26
L__Lcd_Cmd25:
0x006C	0x1303      	BCF        STATUS, 6
0x006D	0x1488      	BSF        LCD_D5, BitPos(LCD_D5+0)
L__Lcd_Cmd26:
;__Lib_Lcd.c,23 :: 		
0x006E	0x1703      	BSF        STATUS, 6
0x006F	0x1A18      	BTFSC      FARG_Lcd_Cmd_out_char, 4
0x0070	0x2874      	GOTO       L__Lcd_Cmd27
0x0071	0x1303      	BCF        STATUS, 6
0x0072	0x1008      	BCF        LCD_D4, BitPos(LCD_D4+0)
0x0073	0x2876      	GOTO       L__Lcd_Cmd28
L__Lcd_Cmd27:
0x0074	0x1303      	BCF        STATUS, 6
0x0075	0x1408      	BSF        LCD_D4, BitPos(LCD_D4+0)
L__Lcd_Cmd28:
;__Lib_Lcd.c,25 :: 		
0x0076	0x1683      	BSF        STATUS, 5
0x0077	0x184A      	BTFSC      __Lib_Lcd_cmd_status, BitPos(__Lib_Lcd_cmd_status+0)
0x0078	0x287C      	GOTO       L__Lcd_Cmd29
0x0079	0x1283      	BCF        STATUS, 5
0x007A	0x1608      	BSF        LCD_RS, BitPos(LCD_RS+0)
0x007B	0x287E      	GOTO       L__Lcd_Cmd30
L__Lcd_Cmd29:
0x007C	0x1283      	BCF        STATUS, 5
0x007D	0x1208      	BCF        LCD_RS, BitPos(LCD_RS+0)
L__Lcd_Cmd30:
;__Lib_Lcd.c,28 :: 		
0x007E	0x1688      	BSF        LCD_EN, BitPos(LCD_EN+0)
;__Lib_Lcd.c,29 :: 		
0x007F	0x2003      	CALL       _Delay_1us
;__Lib_Lcd.c,30 :: 		
0x0080	0x1288      	BCF        LCD_EN, BitPos(LCD_EN+0)
;__Lib_Lcd.c,33 :: 		
0x0081	0x1703      	BSF        STATUS, 6
0x0082	0x1998      	BTFSC      FARG_Lcd_Cmd_out_char, 3
0x0083	0x2887      	GOTO       L__Lcd_Cmd31
0x0084	0x1303      	BCF        STATUS, 6
0x0085	0x1188      	BCF        LCD_D7, BitPos(LCD_D7+0)
0x0086	0x2889      	GOTO       L__Lcd_Cmd32
L__Lcd_Cmd31:
0x0087	0x1303      	BCF        STATUS, 6
0x0088	0x1588      	BSF        LCD_D7, BitPos(LCD_D7+0)
L__Lcd_Cmd32:
;__Lib_Lcd.c,34 :: 		
0x0089	0x1703      	BSF        STATUS, 6
0x008A	0x1918      	BTFSC      FARG_Lcd_Cmd_out_char, 2
0x008B	0x288F      	GOTO       L__Lcd_Cmd33
0x008C	0x1303      	BCF        STATUS, 6
0x008D	0x1108      	BCF        LCD_D6, BitPos(LCD_D6+0)
0x008E	0x2891      	GOTO       L__Lcd_Cmd34
L__Lcd_Cmd33:
0x008F	0x1303      	BCF        STATUS, 6
0x0090	0x1508      	BSF        LCD_D6, BitPos(LCD_D6+0)
L__Lcd_Cmd34:
;__Lib_Lcd.c,35 :: 		
0x0091	0x1703      	BSF        STATUS, 6
0x0092	0x1898      	BTFSC      FARG_Lcd_Cmd_out_char, 1
0x0093	0x2897      	GOTO       L__Lcd_Cmd35
0x0094	0x1303      	BCF        STATUS, 6
0x0095	0x1088      	BCF        LCD_D5, BitPos(LCD_D5+0)
0x0096	0x2899      	GOTO       L__Lcd_Cmd36
L__Lcd_Cmd35:
0x0097	0x1303      	BCF        STATUS, 6
0x0098	0x1488      	BSF        LCD_D5, BitPos(LCD_D5+0)
L__Lcd_Cmd36:
;__Lib_Lcd.c,36 :: 		
0x0099	0x1703      	BSF        STATUS, 6
0x009A	0x1818      	BTFSC      FARG_Lcd_Cmd_out_char, 0
0x009B	0x289F      	GOTO       L__Lcd_Cmd37
0x009C	0x1303      	BCF        STATUS, 6
0x009D	0x1008      	BCF        LCD_D4, BitPos(LCD_D4+0)
0x009E	0x28A1      	GOTO       L__Lcd_Cmd38
L__Lcd_Cmd37:
0x009F	0x1303      	BCF        STATUS, 6
0x00A0	0x1408      	BSF        LCD_D4, BitPos(LCD_D4+0)
L__Lcd_Cmd38:
;__Lib_Lcd.c,38 :: 		
0x00A1	0x1683      	BSF        STATUS, 5
0x00A2	0x184A      	BTFSC      __Lib_Lcd_cmd_status, BitPos(__Lib_Lcd_cmd_status+0)
0x00A3	0x28A7      	GOTO       L__Lcd_Cmd39
0x00A4	0x1283      	BCF        STATUS, 5
0x00A5	0x1608      	BSF        LCD_RS, BitPos(LCD_RS+0)
0x00A6	0x28A9      	GOTO       L__Lcd_Cmd40
L__Lcd_Cmd39:
0x00A7	0x1283      	BCF        STATUS, 5
0x00A8	0x1208      	BCF        LCD_RS, BitPos(LCD_RS+0)
L__Lcd_Cmd40:
;__Lib_Lcd.c,40 :: 		
0x00A9	0x1688      	BSF        LCD_EN, BitPos(LCD_EN+0)
;__Lib_Lcd.c,41 :: 		
0x00AA	0x2003      	CALL       _Delay_1us
;__Lib_Lcd.c,42 :: 		
0x00AB	0x1288      	BCF        LCD_EN, BitPos(LCD_EN+0)
;__Lib_Lcd.c,44 :: 		
0x00AC	0x1683      	BSF        STATUS, 5
0x00AD	0x1C4A      	BTFSS      __Lib_Lcd_cmd_status, BitPos(__Lib_Lcd_cmd_status+0)
0x00AE	0x28B1      	GOTO       L_Lcd_Cmd0
;__Lib_Lcd.c,45 :: 		
0x00AF	0x204A      	CALL       _Delay_5500us
0x00B0	0x28B2      	GOTO       L_Lcd_Cmd1
L_Lcd_Cmd0:
;__Lib_Lcd.c,47 :: 		
0x00B1	0x2041      	CALL       _Delay_50us
L_Lcd_Cmd1:
;__Lib_Lcd.c,48 :: 		
L_end_Lcd_Cmd:
0x00B2	0x0008      	RETURN
; end of _Lcd_Cmd
_____DoICP:
;__Lib_System.c,6 :: 		
;__Lib_System.c,9 :: 		
0x00B3	0x1683      	BSF        STATUS, 5
0x00B4	0x1303      	BCF        STATUS, 6
0x00B5	0x0849      	MOVF       ___DoICPAddr+1, 0
0x00B6	0x008A      	MOVWF      PCLATH
;__Lib_System.c,10 :: 		
0x00B7	0x0848      	MOVF       ___DoICPAddr, 0
0x00B8	0x0082      	MOVWF      PCL
;__Lib_System.c,12 :: 		
L_end_____DoICP:
0x00B9	0x0008      	RETURN
; end of _____DoICP
_Lcd_Chr_CP:
;__Lib_Lcd.c,50 :: 		
;__Lib_Lcd.c,52 :: 		
0x00BA	0x1683      	BSF        STATUS, 5
0x00BB	0x1303      	BCF        STATUS, 6
0x00BC	0x104A      	BCF        __Lib_Lcd_cmd_status, BitPos(__Lib_Lcd_cmd_status+0)
;__Lib_Lcd.c,53 :: 		
0x00BD	0x1283      	BCF        STATUS, 5
0x00BE	0x1703      	BSF        STATUS, 6
0x00BF	0x0817      	MOVF       FARG_Lcd_Chr_CP_out_char, 0
0x00C0	0x0098      	MOVWF      FARG_Lcd_Cmd_out_char
0x00C1	0x2055      	CALL       _Lcd_Cmd
;__Lib_Lcd.c,54 :: 		
0x00C2	0x1683      	BSF        STATUS, 5
0x00C3	0x144A      	BSF        __Lib_Lcd_cmd_status, BitPos(__Lib_Lcd_cmd_status+0)
;__Lib_Lcd.c,55 :: 		
L_end_Lcd_Chr_CP:
0x00C4	0x0008      	RETURN
; end of _Lcd_Chr_CP
_Div_8X8_U:
;__Lib_Math.c,189 :: 		
;__Lib_Math.c,196 :: 		
0x00C5	0x1283      	BCF        STATUS, 5
;__Lib_Math.c,197 :: 		
0x00C6	0x1303      	BCF        STATUS, 6
;__Lib_Math.c,198 :: 		
0x00C7	0x01F8      	CLRF       R8
;__Lib_Math.c,199 :: 		
0x00C8	0x3008      	MOVLW      8
;__Lib_Math.c,200 :: 		
0x00C9	0x00FC      	MOVWF      R12
;__Lib_Math.c,201 :: 		
0x00CA	0x0D70      	RLF        R0, 0
;__Lib_Math.c,202 :: 		
0x00CB	0x0DF8      	RLF        R8, 1
;__Lib_Math.c,203 :: 		
0x00CC	0x0874      	MOVF       R4, 0
;__Lib_Math.c,204 :: 		
0x00CD	0x02F8      	SUBWF      R8, 1
;__Lib_Math.c,205 :: 		
0x00CE	0x1803      	BTFSC      STATUS, 0
;__Lib_Math.c,206 :: 		
0x00CF	0x28D2      	GOTO       $+3
;__Lib_Math.c,207 :: 		
0x00D0	0x07F8      	ADDWF      R8, 1
;__Lib_Math.c,208 :: 		
0x00D1	0x1003      	BCF        STATUS, 0
;__Lib_Math.c,209 :: 		
0x00D2	0x0DF0      	RLF        R0, 1
;__Lib_Math.c,210 :: 		
0x00D3	0x0BFC      	DECFSZ     R12, 1
;__Lib_Math.c,211 :: 		
0x00D4	0x28CA      	GOTO       $-10
;__Lib_Math.c,213 :: 		
L_end_Div_8X8_U:
0x00D5	0x0008      	RETURN
; end of _Div_8X8_U
_Delay_22us:
;__Lib_Delays.c,15 :: 		void Delay_22us() {
;__Lib_Delays.c,16 :: 		Delay_us(22);
0x00D6	0x0000      	NOP
0x00D7	0x0000      	NOP
0x00D8	0x0000      	NOP
0x00D9	0x0000      	NOP
0x00DA	0x0000      	NOP
0x00DB	0x0000      	NOP
;__Lib_Delays.c,17 :: 		}
L_end_Delay_22us:
0x00DC	0x0008      	RETURN
; end of _Delay_22us
_ByteToStr:
;__Lib_Conversions.c,66 :: 		
;__Lib_Conversions.c,69 :: 		
0x00DD	0x1283      	BCF        STATUS, 5
0x00DE	0x1703      	BSF        STATUS, 6
0x00DF	0x0195      	CLRF       ByteToStr_DigitPos_L0
L_ByteToStr0:
0x00E0	0x3003      	MOVLW      3
0x00E1	0x0215      	SUBWF      ByteToStr_DigitPos_L0, 0
0x00E2	0x1803      	BTFSC      STATUS, 0
0x00E3	0x28EB      	GOTO       L_ByteToStr1
;__Lib_Conversions.c,70 :: 		
0x00E4	0x0815      	MOVF       ByteToStr_DigitPos_L0, 0
0x00E5	0x0714      	ADDWF      FARG_ByteToStr_output, 0
0x00E6	0x0084      	MOVWF      FSR
0x00E7	0x3020      	MOVLW      32
0x00E8	0x0080      	MOVWF      INDF
;__Lib_Conversions.c,69 :: 		
0x00E9	0x0A95      	INCF       ByteToStr_DigitPos_L0, 1
;__Lib_Conversions.c,70 :: 		
0x00EA	0x28E0      	GOTO       L_ByteToStr0
L_ByteToStr1:
;__Lib_Conversions.c,72 :: 		
0x00EB	0x0815      	MOVF       ByteToStr_DigitPos_L0, 0
0x00EC	0x0714      	ADDWF      FARG_ByteToStr_output, 0
0x00ED	0x0084      	MOVWF      FSR
0x00EE	0x0180      	CLRF       INDF
0x00EF	0x0395      	DECF       ByteToStr_DigitPos_L0, 1
;__Lib_Conversions.c,74 :: 		
L_ByteToStr3:
;__Lib_Conversions.c,75 :: 		
0x00F0	0x0815      	MOVF       ByteToStr_DigitPos_L0, 0
0x00F1	0x0714      	ADDWF      FARG_ByteToStr_output, 0
0x00F2	0x0096      	MOVWF      FLOC__ByteToStr
0x00F3	0x300A      	MOVLW      10
0x00F4	0x00F4      	MOVWF      R4
0x00F5	0x0813      	MOVF       FARG_ByteToStr_input, 0
0x00F6	0x00F0      	MOVWF      R0
0x00F7	0x20C5      	CALL       _Div_8X8_U
0x00F8	0x0878      	MOVF       R8, 0
0x00F9	0x00F0      	MOVWF      R0
0x00FA	0x3030      	MOVLW      48
0x00FB	0x07F0      	ADDWF      R0, 1
0x00FC	0x1703      	BSF        STATUS, 6
0x00FD	0x0816      	MOVF       FLOC__ByteToStr, 0
0x00FE	0x0084      	MOVWF      FSR
0x00FF	0x0870      	MOVF       R0, 0
0x0100	0x0080      	MOVWF      INDF
;__Lib_Conversions.c,76 :: 		
0x0101	0x300A      	MOVLW      10
0x0102	0x00F4      	MOVWF      R4
0x0103	0x0813      	MOVF       FARG_ByteToStr_input, 0
0x0104	0x00F0      	MOVWF      R0
0x0105	0x20C5      	CALL       _Div_8X8_U
0x0106	0x0870      	MOVF       R0, 0
0x0107	0x1703      	BSF        STATUS, 6
0x0108	0x0093      	MOVWF      FARG_ByteToStr_input
;__Lib_Conversions.c,77 :: 		
0x0109	0x0870      	MOVF       R0, 0
0x010A	0x3A00      	XORLW      0
0x010B	0x1D03      	BTFSS      STATUS, 2
0x010C	0x290E      	GOTO       L_ByteToStr5
;__Lib_Conversions.c,78 :: 		
0x010D	0x2910      	GOTO       L_ByteToStr4
L_ByteToStr5:
;__Lib_Conversions.c,79 :: 		
0x010E	0x0395      	DECF       ByteToStr_DigitPos_L0, 1
;__Lib_Conversions.c,80 :: 		
0x010F	0x28F0      	GOTO       L_ByteToStr3
L_ByteToStr4:
;__Lib_Conversions.c,81 :: 		
L_end_ByteToStr:
0x0110	0x0008      	RETURN
; end of _ByteToStr
_ADC_Read:
;__Lib_ADC_A_C.c,68 :: 		
;__Lib_ADC_A_C.c,70 :: 		
0x0111	0x1283      	BCF        STATUS, 5
0x0112	0x1303      	BCF        STATUS, 6
0x0113	0x019F      	CLRF       ADCON0
;__Lib_ADC_A_C.c,71 :: 		
0x0114	0x30C0      	MOVLW      192
0x0115	0x049F      	IORWF      ADCON0, 1
;__Lib_ADC_A_C.c,72 :: 		
0x0116	0x0943      	COMF       _vref_mask, 0
0x0117	0x00F0      	MOVWF      R0
0x0118	0x0870      	MOVF       R0, 0
0x0119	0x1683      	BSF        STATUS, 5
0x011A	0x059F      	ANDWF      ADCON1, 1
;__Lib_ADC_A_C.c,73 :: 		
0x011B	0x171F      	BSF        ADCON1, 6
;__Lib_ADC_A_C.c,74 :: 		
0x011C	0x179F      	BSF        ADCON1, 7
;__Lib_ADC_A_C.c,75 :: 		
0x011D	0x1283      	BCF        STATUS, 5
0x011E	0x1703      	BSF        STATUS, 6
0x011F	0x0813      	MOVF       FARG_ADC_Read_channel, 0
0x0120	0x00F0      	MOVWF      R0
0x0121	0x0DF0      	RLF        R0, 1
0x0122	0x1070      	BCF        R0, 0
0x0123	0x0DF0      	RLF        R0, 1
0x0124	0x1070      	BCF        R0, 0
0x0125	0x0DF0      	RLF        R0, 1
0x0126	0x1070      	BCF        R0, 0
0x0127	0x0870      	MOVF       R0, 0
0x0128	0x1303      	BCF        STATUS, 6
0x0129	0x049F      	IORWF      ADCON0, 1
;__Lib_ADC_A_C.c,78 :: 		
0x012A	0x141F      	BSF        ADCON0, 0
;__Lib_ADC_A_C.c,81 :: 		
0x012B	0x20D6      	CALL       _Delay_22us
;__Lib_ADC_A_C.c,84 :: 		
0x012C	0x151F      	BSF        ADCON0, 2
;__Lib_ADC_A_C.c,87 :: 		
L_ADC_Read2:
0x012D	0x1D1F      	BTFSS      ADCON0, 2
0x012E	0x2931      	GOTO       L_ADC_Read3
;__Lib_ADC_A_C.c,88 :: 		
0x012F	0x0000      	NOP
0x0130	0x292D      	GOTO       L_ADC_Read2
L_ADC_Read3:
;__Lib_ADC_A_C.c,91 :: 		
0x0131	0x101F      	BCF        ADCON0, 0
;__Lib_ADC_A_C.c,94 :: 		
0x0132	0x081E      	MOVF       ADRESH, 0
0x0133	0x00F1      	MOVWF      R0+1
0x0134	0x01F0      	CLRF       R0
0x0135	0x1683      	BSF        STATUS, 5
0x0136	0x081E      	MOVF       ADRESL, 0
0x0137	0x04F0      	IORWF      R0, 1
0x0138	0x3000      	MOVLW      0
0x0139	0x04F1      	IORWF      R0+1, 1
;__Lib_ADC_A_C.c,95 :: 		
L_end_ADC_Read:
0x013A	0x0008      	RETURN
; end of _ADC_Read
_Lcd_Init:
;__Lib_Lcd.c,84 :: 		
;__Lib_Lcd.c,86 :: 		
0x013B	0x1683      	BSF        STATUS, 5
0x013C	0x1303      	BCF        STATUS, 6
0x013D	0x1288      	BCF        LCD_EN_Direction, BitPos(LCD_EN_Direction+0)
;__Lib_Lcd.c,87 :: 		
0x013E	0x1208      	BCF        LCD_RS_Direction, BitPos(LCD_RS_Direction+0)
;__Lib_Lcd.c,88 :: 		
0x013F	0x1008      	BCF        LCD_D4_Direction, BitPos(LCD_D4_Direction+0)
;__Lib_Lcd.c,89 :: 		
0x0140	0x1088      	BCF        LCD_D5_Direction, BitPos(LCD_D5_Direction+0)
;__Lib_Lcd.c,90 :: 		
0x0141	0x1108      	BCF        LCD_D6_Direction, BitPos(LCD_D6_Direction+0)
;__Lib_Lcd.c,91 :: 		
0x0142	0x1188      	BCF        LCD_D7_Direction, BitPos(LCD_D7_Direction+0)
;__Lib_Lcd.c,93 :: 		
0x0143	0x1283      	BCF        STATUS, 5
0x0144	0x1288      	BCF        LCD_EN, BitPos(LCD_EN+0)
;__Lib_Lcd.c,94 :: 		
0x0145	0x1208      	BCF        LCD_RS, BitPos(LCD_RS+0)
;__Lib_Lcd.c,95 :: 		
0x0146	0x1188      	BCF        LCD_D7, BitPos(LCD_D7+0)
;__Lib_Lcd.c,96 :: 		
0x0147	0x1108      	BCF        LCD_D6, BitPos(LCD_D6+0)
;__Lib_Lcd.c,97 :: 		
0x0148	0x1088      	BCF        LCD_D5, BitPos(LCD_D5+0)
;__Lib_Lcd.c,98 :: 		
0x0149	0x1008      	BCF        LCD_D4, BitPos(LCD_D4+0)
;__Lib_Lcd.c,100 :: 		
0x014A	0x204A      	CALL       _Delay_5500us
;__Lib_Lcd.c,101 :: 		
0x014B	0x204A      	CALL       _Delay_5500us
;__Lib_Lcd.c,102 :: 		
0x014C	0x204A      	CALL       _Delay_5500us
;__Lib_Lcd.c,105 :: 		
0x014D	0x1488      	BSF        LCD_D5, BitPos(LCD_D5+0)
;__Lib_Lcd.c,106 :: 		
0x014E	0x1408      	BSF        LCD_D4, BitPos(LCD_D4+0)
;__Lib_Lcd.c,107 :: 		
0x014F	0x1688      	BSF        LCD_EN, BitPos(LCD_EN+0)
;__Lib_Lcd.c,108 :: 		
0x0150	0x2003      	CALL       _Delay_1us
;__Lib_Lcd.c,109 :: 		
0x0151	0x1288      	BCF        LCD_EN, BitPos(LCD_EN+0)
;__Lib_Lcd.c,110 :: 		
0x0152	0x204A      	CALL       _Delay_5500us
;__Lib_Lcd.c,112 :: 		
0x0153	0x1688      	BSF        LCD_EN, BitPos(LCD_EN+0)
;__Lib_Lcd.c,113 :: 		
0x0154	0x2003      	CALL       _Delay_1us
;__Lib_Lcd.c,114 :: 		
0x0155	0x1288      	BCF        LCD_EN, BitPos(LCD_EN+0)
;__Lib_Lcd.c,115 :: 		
0x0156	0x204A      	CALL       _Delay_5500us
;__Lib_Lcd.c,117 :: 		
0x0157	0x1688      	BSF        LCD_EN, BitPos(LCD_EN+0)
;__Lib_Lcd.c,118 :: 		
0x0158	0x2003      	CALL       _Delay_1us
;__Lib_Lcd.c,119 :: 		
0x0159	0x1288      	BCF        LCD_EN, BitPos(LCD_EN+0)
;__Lib_Lcd.c,120 :: 		
0x015A	0x204A      	CALL       _Delay_5500us
;__Lib_Lcd.c,123 :: 		
0x015B	0x1008      	BCF        LCD_D4, BitPos(LCD_D4+0)
;__Lib_Lcd.c,124 :: 		
0x015C	0x1688      	BSF        LCD_EN, BitPos(LCD_EN+0)
;__Lib_Lcd.c,125 :: 		
0x015D	0x2003      	CALL       _Delay_1us
;__Lib_Lcd.c,126 :: 		
0x015E	0x1288      	BCF        LCD_EN, BitPos(LCD_EN+0)
;__Lib_Lcd.c,127 :: 		
0x015F	0x204A      	CALL       _Delay_5500us
;__Lib_Lcd.c,130 :: 		
0x0160	0x1688      	BSF        LCD_EN, BitPos(LCD_EN+0)
;__Lib_Lcd.c,131 :: 		
0x0161	0x2003      	CALL       _Delay_1us
;__Lib_Lcd.c,132 :: 		
0x0162	0x1288      	BCF        LCD_EN, BitPos(LCD_EN+0)
;__Lib_Lcd.c,134 :: 		
0x0163	0x1088      	BCF        LCD_D5, BitPos(LCD_D5+0)
;__Lib_Lcd.c,135 :: 		
0x0164	0x1588      	BSF        LCD_D7, BitPos(LCD_D7+0)
;__Lib_Lcd.c,136 :: 		
0x0165	0x1688      	BSF        LCD_EN, BitPos(LCD_EN+0)
;__Lib_Lcd.c,137 :: 		
0x0166	0x2003      	CALL       _Delay_1us
;__Lib_Lcd.c,138 :: 		
0x0167	0x1288      	BCF        LCD_EN, BitPos(LCD_EN+0)
;__Lib_Lcd.c,139 :: 		
0x0168	0x204A      	CALL       _Delay_5500us
;__Lib_Lcd.c,142 :: 		
0x0169	0x1188      	BCF        LCD_D7, BitPos(LCD_D7+0)
;__Lib_Lcd.c,143 :: 		
0x016A	0x1408      	BSF        LCD_D4, BitPos(LCD_D4+0)
;__Lib_Lcd.c,144 :: 		
0x016B	0x1688      	BSF        LCD_EN, BitPos(LCD_EN+0)
;__Lib_Lcd.c,145 :: 		
0x016C	0x2003      	CALL       _Delay_1us
;__Lib_Lcd.c,146 :: 		
0x016D	0x1288      	BCF        LCD_EN, BitPos(LCD_EN+0)
;__Lib_Lcd.c,148 :: 		
0x016E	0x1008      	BCF        LCD_D4, BitPos(LCD_D4+0)
;__Lib_Lcd.c,149 :: 		
0x016F	0x1688      	BSF        LCD_EN, BitPos(LCD_EN+0)
;__Lib_Lcd.c,150 :: 		
0x0170	0x2003      	CALL       _Delay_1us
;__Lib_Lcd.c,151 :: 		
0x0171	0x1288      	BCF        LCD_EN, BitPos(LCD_EN+0)
;__Lib_Lcd.c,152 :: 		
0x0172	0x204A      	CALL       _Delay_5500us
;__Lib_Lcd.c,155 :: 		
0x0173	0x1688      	BSF        LCD_EN, BitPos(LCD_EN+0)
;__Lib_Lcd.c,156 :: 		
0x0174	0x2003      	CALL       _Delay_1us
;__Lib_Lcd.c,157 :: 		
0x0175	0x1288      	BCF        LCD_EN, BitPos(LCD_EN+0)
;__Lib_Lcd.c,159 :: 		
0x0176	0x1408      	BSF        LCD_D4, BitPos(LCD_D4+0)
;__Lib_Lcd.c,160 :: 		
0x0177	0x1688      	BSF        LCD_EN, BitPos(LCD_EN+0)
;__Lib_Lcd.c,161 :: 		
0x0178	0x2003      	CALL       _Delay_1us
;__Lib_Lcd.c,162 :: 		
0x0179	0x1288      	BCF        LCD_EN, BitPos(LCD_EN+0)
;__Lib_Lcd.c,163 :: 		
0x017A	0x204A      	CALL       _Delay_5500us
;__Lib_Lcd.c,166 :: 		
0x017B	0x1008      	BCF        LCD_D4, BitPos(LCD_D4+0)
;__Lib_Lcd.c,167 :: 		
0x017C	0x1688      	BSF        LCD_EN, BitPos(LCD_EN+0)
;__Lib_Lcd.c,168 :: 		
0x017D	0x2003      	CALL       _Delay_1us
;__Lib_Lcd.c,169 :: 		
0x017E	0x1288      	BCF        LCD_EN, BitPos(LCD_EN+0)
;__Lib_Lcd.c,171 :: 		
0x017F	0x1588      	BSF        LCD_D7, BitPos(LCD_D7+0)
;__Lib_Lcd.c,172 :: 		
0x0180	0x1508      	BSF        LCD_D6, BitPos(LCD_D6+0)
;__Lib_Lcd.c,173 :: 		
0x0181	0x1488      	BSF        LCD_D5, BitPos(LCD_D5+0)
;__Lib_Lcd.c,174 :: 		
0x0182	0x1408      	BSF        LCD_D4, BitPos(LCD_D4+0)
;__Lib_Lcd.c,175 :: 		
0x0183	0x1688      	BSF        LCD_EN, BitPos(LCD_EN+0)
;__Lib_Lcd.c,176 :: 		
0x0184	0x2003      	CALL       _Delay_1us
;__Lib_Lcd.c,177 :: 		
0x0185	0x1288      	BCF        LCD_EN, BitPos(LCD_EN+0)
;__Lib_Lcd.c,179 :: 		
0x0186	0x204A      	CALL       _Delay_5500us
;__Lib_Lcd.c,181 :: 		
0x0187	0x1683      	BSF        STATUS, 5
0x0188	0x144A      	BSF        __Lib_Lcd_cmd_status, BitPos(__Lib_Lcd_cmd_status+0)
;__Lib_Lcd.c,182 :: 		
L_end_Lcd_Init:
0x0189	0x0008      	RETURN
; end of _Lcd_Init
_EEPROM_Write:
;__Lib_EEPROM.c,16 :: 		
;__Lib_EEPROM.c,20 :: 		
L_EEPROM_Write0:
0x018A	0x1683      	BSF        STATUS, 5
0x018B	0x1703      	BSF        STATUS, 6
0x018C	0x1C8C      	BTFSS      EECON1, 1
0x018D	0x2990      	GOTO       L_EEPROM_Write1
0x018E	0x0000      	NOP
0x018F	0x298A      	GOTO       L_EEPROM_Write0
L_EEPROM_Write1:
;__Lib_EEPROM.c,21 :: 		
0x0190	0x1283      	BCF        STATUS, 5
0x0191	0x0813      	MOVF       FARG_EEPROM_Write_Address, 0
0x0192	0x008D      	MOVWF      EEADR
;__Lib_EEPROM.c,22 :: 		
0x0193	0x0814      	MOVF       FARG_EEPROM_Write_data_, 0
0x0194	0x008C      	MOVWF      EEDATA
;__Lib_EEPROM.c,23 :: 		
0x0195	0x1683      	BSF        STATUS, 5
0x0196	0x138C      	BCF        EECON1, 7
;__Lib_EEPROM.c,24 :: 		
0x0197	0x150C      	BSF        EECON1, 2
;__Lib_EEPROM.c,26 :: 		
0x0198	0x080B      	MOVF       INTCON, 0
0x0199	0x00F0      	MOVWF      R0
;__Lib_EEPROM.c,29 :: 		
0x019A	0x138B      	BCF        INTCON, 7
;__Lib_EEPROM.c,30 :: 		
0x019B	0x3055      	MOVLW      85
0x019C	0x008D      	MOVWF      EECON2
;__Lib_EEPROM.c,31 :: 		
0x019D	0x30AA      	MOVLW      170
0x019E	0x008D      	MOVWF      EECON2
;__Lib_EEPROM.c,32 :: 		
0x019F	0x148C      	BSF        EECON1, 1
;__Lib_EEPROM.c,36 :: 		
0x01A0	0x1BF0      	BTFSC      R0, 7
0x01A1	0x29A4      	GOTO       L__EEPROM_Write4
0x01A2	0x138B      	BCF        INTCON, 7
0x01A3	0x29A5      	GOTO       L__EEPROM_Write5
L__EEPROM_Write4:
0x01A4	0x178B      	BSF        INTCON, 7
L__EEPROM_Write5:
;__Lib_EEPROM.c,37 :: 		
0x01A5	0x110C      	BCF        EECON1, 2
;__Lib_EEPROM.c,38 :: 		
L_end_EEPROM_Write:
0x01A6	0x0008      	RETURN
; end of _EEPROM_Write
___CC2DW:
;__Lib_System.c,134 :: 		
;__Lib_System.c,137 :: 		
_CC2D_Loop1:
;__Lib_System.c,139 :: 		
0x01A7	0x20B3      	CALL       _____DoICP
0x01A8	0x118A      	BCF        PCLATH, 3
0x01A9	0x120A      	BCF        PCLATH, 4
;__Lib_System.c,141 :: 		
0x01AA	0x0080      	MOVWF      INDF
;__Lib_System.c,142 :: 		
0x01AB	0x0A84      	INCF       FSR, 1
;__Lib_System.c,143 :: 		
0x01AC	0x0AC8      	INCF       ___DoICPAddr, 1
;__Lib_System.c,145 :: 		
0x01AD	0x1903      	BTFSC      STATUS, 2
;__Lib_System.c,146 :: 		
0x01AE	0x0AC9      	INCF       ___DoICPAddr+1, 1
;__Lib_System.c,147 :: 		
0x01AF	0x03F0      	DECF       R0, 1
;__Lib_System.c,149 :: 		
0x01B0	0x1D03      	BTFSS      STATUS, 2
;__Lib_System.c,150 :: 		
0x01B1	0x29A7      	GOTO       _CC2D_Loop1
;__Lib_System.c,152 :: 		
L_end___CC2DW:
0x01B2	0x0008      	RETURN
; end of ___CC2DW
_ADC_Init:
;__Lib_ADC_A_C.c,19 :: 		
;__Lib_ADC_A_C.c,20 :: 		
0x01B3	0x30FF      	MOVLW      _ADC_Get_Sample
0x01B4	0x1683      	BSF        STATUS, 5
0x01B5	0x1303      	BCF        STATUS, 6
0x01B6	0x00CB      	MOVWF      _ADC_Get_Sample_Ptr
0x01B7	0x30FF      	MOVLW      hi_addr(_ADC_Get_Sample)
0x01B8	0x00CC      	MOVWF      _ADC_Get_Sample_Ptr+1
0x01B9	0x30FF      	MOVLW      FARG_ADC_Get_Sample_channel
0x01BA	0x00CD      	MOVWF      _ADC_Get_Sample_Ptr+2
0x01BB	0x30FF      	MOVLW      hi_addr(FARG_ADC_Get_Sample_channel)
;__Lib_ADC_A_C.c,22 :: 		
0x01BC	0x1283      	BCF        STATUS, 5
0x01BD	0x019F      	CLRF       ADCON0
;__Lib_ADC_A_C.c,23 :: 		
0x01BE	0x30C0      	MOVLW      192
0x01BF	0x049F      	IORWF      ADCON0, 1
;__Lib_ADC_A_C.c,24 :: 		
0x01C0	0x0943      	COMF       _vref_mask, 0
0x01C1	0x00F0      	MOVWF      R0
0x01C2	0x0870      	MOVF       R0, 0
0x01C3	0x1683      	BSF        STATUS, 5
0x01C4	0x059F      	ANDWF      ADCON1, 1
;__Lib_ADC_A_C.c,25 :: 		
0x01C5	0x171F      	BSF        ADCON1, 6
;__Lib_ADC_A_C.c,26 :: 		
0x01C6	0x179F      	BSF        ADCON1, 7
;__Lib_ADC_A_C.c,29 :: 		
0x01C7	0x1283      	BCF        STATUS, 5
0x01C8	0x141F      	BSF        ADCON0, 0
;__Lib_ADC_A_C.c,30 :: 		
L_end_ADC_Init:
0x01C9	0x0008      	RETURN
; end of _ADC_Init
_Lcd_Out:
;__Lib_Lcd.c,184 :: 		
;__Lib_Lcd.c,187 :: 		
0x01CA	0x29DC      	GOTO       L_Lcd_Out11
;__Lib_Lcd.c,188 :: 		
L_Lcd_Out13:
0x01CB	0x3080      	MOVLW      128
0x01CC	0x1283      	BCF        STATUS, 5
0x01CD	0x1703      	BSF        STATUS, 6
0x01CE	0x0093      	MOVWF      FARG_Lcd_Out_row
0x01CF	0x29EF      	GOTO       L_Lcd_Out12
;__Lib_Lcd.c,189 :: 		
L_Lcd_Out14:
0x01D0	0x30C0      	MOVLW      192
0x01D1	0x0093      	MOVWF      FARG_Lcd_Out_row
0x01D2	0x29EF      	GOTO       L_Lcd_Out12
;__Lib_Lcd.c,190 :: 		
L_Lcd_Out15:
0x01D3	0x3094      	MOVLW      148
0x01D4	0x0093      	MOVWF      FARG_Lcd_Out_row
0x01D5	0x29EF      	GOTO       L_Lcd_Out12
;__Lib_Lcd.c,191 :: 		
L_Lcd_Out16:
0x01D6	0x30D4      	MOVLW      212
0x01D7	0x0093      	MOVWF      FARG_Lcd_Out_row
0x01D8	0x29EF      	GOTO       L_Lcd_Out12
;__Lib_Lcd.c,192 :: 		
L_Lcd_Out17:
0x01D9	0x3080      	MOVLW      128
0x01DA	0x0093      	MOVWF      FARG_Lcd_Out_row
;__Lib_Lcd.c,193 :: 		
0x01DB	0x29EF      	GOTO       L_Lcd_Out12
L_Lcd_Out11:
0x01DC	0x1283      	BCF        STATUS, 5
0x01DD	0x1703      	BSF        STATUS, 6
0x01DE	0x0813      	MOVF       FARG_Lcd_Out_row, 0
0x01DF	0x3A01      	XORLW      1
0x01E0	0x1903      	BTFSC      STATUS, 2
0x01E1	0x29CB      	GOTO       L_Lcd_Out13
0x01E2	0x0813      	MOVF       FARG_Lcd_Out_row, 0
0x01E3	0x3A02      	XORLW      2
0x01E4	0x1903      	BTFSC      STATUS, 2
0x01E5	0x29D0      	GOTO       L_Lcd_Out14
0x01E6	0x0813      	MOVF       FARG_Lcd_Out_row, 0
0x01E7	0x3A03      	XORLW      3
0x01E8	0x1903      	BTFSC      STATUS, 2
0x01E9	0x29D3      	GOTO       L_Lcd_Out15
0x01EA	0x0813      	MOVF       FARG_Lcd_Out_row, 0
0x01EB	0x3A04      	XORLW      4
0x01EC	0x1903      	BTFSC      STATUS, 2
0x01ED	0x29D6      	GOTO       L_Lcd_Out16
0x01EE	0x29D9      	GOTO       L_Lcd_Out17
L_Lcd_Out12:
;__Lib_Lcd.c,194 :: 		
0x01EF	0x0314      	DECF       FARG_Lcd_Out_column, 0
0x01F0	0x00F0      	MOVWF      R0
0x01F1	0x0813      	MOVF       FARG_Lcd_Out_row, 0
0x01F2	0x07F0      	ADDWF      R0, 1
0x01F3	0x0870      	MOVF       R0, 0
0x01F4	0x0093      	MOVWF      FARG_Lcd_Out_row
;__Lib_Lcd.c,196 :: 		
0x01F5	0x0870      	MOVF       R0, 0
0x01F6	0x0098      	MOVWF      FARG_Lcd_Cmd_out_char
0x01F7	0x2055      	CALL       _Lcd_Cmd
;__Lib_Lcd.c,197 :: 		
0x01F8	0x1683      	BSF        STATUS, 5
0x01F9	0x104A      	BCF        __Lib_Lcd_cmd_status, BitPos(__Lib_Lcd_cmd_status+0)
;__Lib_Lcd.c,198 :: 		
0x01FA	0x1283      	BCF        STATUS, 5
0x01FB	0x1703      	BSF        STATUS, 6
0x01FC	0x0196      	CLRF       Lcd_Out_i_L0
;__Lib_Lcd.c,199 :: 		
L_Lcd_Out18:
0x01FD	0x0816      	MOVF       Lcd_Out_i_L0, 0
0x01FE	0x0715      	ADDWF      FARG_Lcd_Out_text, 0
0x01FF	0x0084      	MOVWF      FSR
0x0200	0x0800      	MOVF       INDF, 0
0x0201	0x1903      	BTFSC      STATUS, 2
0x0202	0x2A0D      	GOTO       L_Lcd_Out19
;__Lib_Lcd.c,200 :: 		
0x0203	0x0816      	MOVF       Lcd_Out_i_L0, 0
0x0204	0x0715      	ADDWF      FARG_Lcd_Out_text, 0
0x0205	0x0084      	MOVWF      FSR
0x0206	0x0800      	MOVF       INDF, 0
0x0207	0x0097      	MOVWF      FARG_Lcd_Chr_CP_out_char
0x0208	0x20BA      	CALL       _Lcd_Chr_CP
0x0209	0x1283      	BCF        STATUS, 5
0x020A	0x1703      	BSF        STATUS, 6
0x020B	0x0A96      	INCF       Lcd_Out_i_L0, 1
0x020C	0x29FD      	GOTO       L_Lcd_Out18
L_Lcd_Out19:
;__Lib_Lcd.c,201 :: 		
0x020D	0x1683      	BSF        STATUS, 5
0x020E	0x1303      	BCF        STATUS, 6
0x020F	0x144A      	BSF        __Lib_Lcd_cmd_status, BitPos(__Lib_Lcd_cmd_status+0)
;__Lib_Lcd.c,202 :: 		
L_end_Lcd_Out:
0x0210	0x0008      	RETURN
; end of _Lcd_Out
_EEPROM_Read:
;__Lib_EEPROM.c,4 :: 		
;__Lib_EEPROM.c,5 :: 		
0x0211	0x1283      	BCF        STATUS, 5
0x0212	0x1703      	BSF        STATUS, 6
0x0213	0x0813      	MOVF       FARG_EEPROM_Read_Address, 0
0x0214	0x008D      	MOVWF      EEADR
;__Lib_EEPROM.c,6 :: 		
0x0215	0x1683      	BSF        STATUS, 5
0x0216	0x138C      	BCF        EECON1, 7
;__Lib_EEPROM.c,12 :: 		
0x0217	0x140C      	BSF        EECON1, 0
;__Lib_EEPROM.c,13 :: 		
0x0218	0x1283      	BCF        STATUS, 5
0x0219	0x080C      	MOVF       EEDATA, 0
0x021A	0x00F0      	MOVWF      R0
;__Lib_EEPROM.c,14 :: 		
L_end_EEPROM_Read:
0x021B	0x0008      	RETURN
; end of _EEPROM_Read
_strcpy:
;__Lib_CString.c,126 :: 		
;__Lib_CString.c,129 :: 		
0x021C	0x1283      	BCF        STATUS, 5
0x021D	0x1703      	BSF        STATUS, 6
0x021E	0x0813      	MOVF       FARG_strcpy_to, 0
0x021F	0x00F2      	MOVWF      R2
;__Lib_CString.c,130 :: 		
L_strcpy34:
0x0220	0x0872      	MOVF       R2, 0
0x0221	0x00F1      	MOVWF      R1
0x0222	0x0AF2      	INCF       R2, 1
0x0223	0x0814      	MOVF       FARG_strcpy_from, 0
0x0224	0x00F0      	MOVWF      R0
0x0225	0x0A94      	INCF       FARG_strcpy_from, 1
0x0226	0x0870      	MOVF       R0, 0
0x0227	0x0084      	MOVWF      FSR
0x0228	0x0800      	MOVF       INDF, 0
0x0229	0x00F0      	MOVWF      R0
0x022A	0x0871      	MOVF       R1, 0
0x022B	0x0084      	MOVWF      FSR
0x022C	0x0870      	MOVF       R0, 0
0x022D	0x0080      	MOVWF      INDF
0x022E	0x0871      	MOVF       R1, 0
0x022F	0x0084      	MOVWF      FSR
0x0230	0x0800      	MOVF       INDF, 0
0x0231	0x1903      	BTFSC      STATUS, 2
0x0232	0x2A34      	GOTO       L_strcpy35
;__Lib_CString.c,131 :: 		
0x0233	0x2A20      	GOTO       L_strcpy34
L_strcpy35:
;__Lib_CString.c,132 :: 		
0x0234	0x0813      	MOVF       FARG_strcpy_to, 0
0x0235	0x00F0      	MOVWF      R0
;__Lib_CString.c,133 :: 		
L_end_strcpy:
0x0236	0x0008      	RETURN
; end of _strcpy
_main:
0x0237	0x2418      	CALL       1048
;Alzheimer.c,38 :: 		void main() {
;Alzheimer.c,40 :: 		TRISA = 0xFF; //Port A Entrée
0x0238	0x30FF      	MOVLW      255
0x0239	0x1683      	BSF        STATUS, 5
0x023A	0x1303      	BCF        STATUS, 6
0x023B	0x0085      	MOVWF      TRISA
;Alzheimer.c,41 :: 		OPTION_REG.INTEDG = 1; //Front montant -> Interruption
0x023C	0x1701      	BSF        OPTION_REG, 6
;Alzheimer.c,42 :: 		INTCON.GIE = 1; //Activer interruption globale
0x023D	0x178B      	BSF        INTCON, 7
;Alzheimer.c,43 :: 		INTCON.INTE = 1; //Activer INT-RB0
0x023E	0x160B      	BSF        INTCON, 4
;Alzheimer.c,44 :: 		TRISB1_bit = 1;
0x023F	0x1486      	BSF        TRISB1_bit, BitPos(TRISB1_bit+0)
;Alzheimer.c,45 :: 		TRISB4_bit = 1;
0x0240	0x1606      	BSF        TRISB4_bit, BitPos(TRISB4_bit+0)
;Alzheimer.c,46 :: 		TRISB5_bit = 1;
0x0241	0x1686      	BSF        TRISB5_bit, BitPos(TRISB5_bit+0)
;Alzheimer.c,47 :: 		TRISC = 0; //Configuration port C comme sortie
0x0242	0x0187      	CLRF       TRISC
;Alzheimer.c,49 :: 		ADC_Init();
0x0243	0x21B3      	CALL       _ADC_Init
;Alzheimer.c,50 :: 		adc = 0;
0x0244	0x01EE      	CLRF       _adc
0x0245	0x01EF      	CLRF       _adc+1
;Alzheimer.c,51 :: 		aux = 0;
0x0246	0x01EC      	CLRF       _aux
0x0247	0x01ED      	CLRF       _aux+1
;Alzheimer.c,52 :: 		timer = 0;
0x0248	0x01EA      	CLRF       _timer
0x0249	0x01EB      	CLRF       _timer+1
;Alzheimer.c,55 :: 		strcpy(med[0], "Ebixa 10mg 2/J");
0x024A	0x30A0      	MOVLW      _med
0x024B	0x1703      	BSF        STATUS, 6
0x024C	0x0093      	MOVWF      FARG_strcpy_to
0x024D	0x3034      	MOVLW      ?lstr1_Alzheimer
0x024E	0x0094      	MOVWF      FARG_strcpy_from
0x024F	0x221C      	CALL       _strcpy
;Alzheimer.c,56 :: 		strcpy(med[1], "Aricept 10mg 3/J");
0x0250	0x30B4      	MOVLW      _med+20
0x0251	0x0093      	MOVWF      FARG_strcpy_to
0x0252	0x3023      	MOVLW      ?lstr2_Alzheimer
0x0253	0x0094      	MOVWF      FARG_strcpy_from
0x0254	0x221C      	CALL       _strcpy
;Alzheimer.c,57 :: 		for(i = 0; i < 14; i++){
0x0255	0x1683      	BSF        STATUS, 5
0x0256	0x1303      	BCF        STATUS, 6
0x0257	0x01D0      	CLRF       _i
0x0258	0x01D1      	CLRF       _i+1
L_main4:
0x0259	0x3080      	MOVLW      128
0x025A	0x0651      	XORWF      _i+1, 0
0x025B	0x00F0      	MOVWF      R0
0x025C	0x3080      	MOVLW      128
0x025D	0x0270      	SUBWF      R0, 0
0x025E	0x1D03      	BTFSS      STATUS, 2
0x025F	0x2A62      	GOTO       L__main34
0x0260	0x300E      	MOVLW      14
0x0261	0x0250      	SUBWF      _i, 0
L__main34:
0x0262	0x1803      	BTFSC      STATUS, 0
0x0263	0x2A84      	GOTO       L_main5
;Alzheimer.c,58 :: 		EEPROM_Write(0x02 + i, med[0][i]);
0x0264	0x0850      	MOVF       _i, 0
0x0265	0x3E02      	ADDLW      2
0x0266	0x1283      	BCF        STATUS, 5
0x0267	0x1703      	BSF        STATUS, 6
0x0268	0x0093      	MOVWF      FARG_EEPROM_Write_Address
0x0269	0x1683      	BSF        STATUS, 5
0x026A	0x1303      	BCF        STATUS, 6
0x026B	0x0850      	MOVF       _i, 0
0x026C	0x3EA0      	ADDLW      _med
0x026D	0x0084      	MOVWF      FSR
0x026E	0x0800      	MOVF       INDF, 0
0x026F	0x1283      	BCF        STATUS, 5
0x0270	0x1703      	BSF        STATUS, 6
0x0271	0x0094      	MOVWF      FARG_EEPROM_Write_data_
0x0272	0x218A      	CALL       _EEPROM_Write
;Alzheimer.c,59 :: 		aux = 0x02 + i;
0x0273	0x1303      	BCF        STATUS, 6
0x0274	0x0850      	MOVF       _i, 0
0x0275	0x3E02      	ADDLW      2
0x0276	0x1283      	BCF        STATUS, 5
0x0277	0x00EC      	MOVWF      _aux
0x0278	0x3000      	MOVLW      0
0x0279	0x1803      	BTFSC      STATUS, 0
0x027A	0x3E01      	ADDLW      1
0x027B	0x1683      	BSF        STATUS, 5
0x027C	0x0751      	ADDWF      _i+1, 0
0x027D	0x1283      	BCF        STATUS, 5
0x027E	0x00ED      	MOVWF      _aux+1
;Alzheimer.c,57 :: 		for(i = 0; i < 14; i++){
0x027F	0x1683      	BSF        STATUS, 5
0x0280	0x0AD0      	INCF       _i, 1
0x0281	0x1903      	BTFSC      STATUS, 2
0x0282	0x0AD1      	INCF       _i+1, 1
;Alzheimer.c,60 :: 		}
0x0283	0x2A59      	GOTO       L_main4
L_main5:
;Alzheimer.c,61 :: 		for(i = 0; i < 16; i++){
0x0284	0x01D0      	CLRF       _i
0x0285	0x01D1      	CLRF       _i+1
L_main7:
0x0286	0x3080      	MOVLW      128
0x0287	0x0651      	XORWF      _i+1, 0
0x0288	0x00F0      	MOVWF      R0
0x0289	0x3080      	MOVLW      128
0x028A	0x0270      	SUBWF      R0, 0
0x028B	0x1D03      	BTFSS      STATUS, 2
0x028C	0x2A8F      	GOTO       L__main35
0x028D	0x3010      	MOVLW      16
0x028E	0x0250      	SUBWF      _i, 0
L__main35:
0x028F	0x1803      	BTFSC      STATUS, 0
0x0290	0x2AA6      	GOTO       L_main8
;Alzheimer.c,62 :: 		EEPROM_Write(aux + i + 1, med[1][i]);
0x0291	0x0850      	MOVF       _i, 0
0x0292	0x1283      	BCF        STATUS, 5
0x0293	0x076C      	ADDWF      _aux, 0
0x0294	0x1703      	BSF        STATUS, 6
0x0295	0x0093      	MOVWF      FARG_EEPROM_Write_Address
0x0296	0x0A93      	INCF       FARG_EEPROM_Write_Address, 1
0x0297	0x1683      	BSF        STATUS, 5
0x0298	0x1303      	BCF        STATUS, 6
0x0299	0x0850      	MOVF       _i, 0
0x029A	0x3EB4      	ADDLW      _med+20
0x029B	0x0084      	MOVWF      FSR
0x029C	0x0800      	MOVF       INDF, 0
0x029D	0x1283      	BCF        STATUS, 5
0x029E	0x1703      	BSF        STATUS, 6
0x029F	0x0094      	MOVWF      FARG_EEPROM_Write_data_
0x02A0	0x218A      	CALL       _EEPROM_Write
;Alzheimer.c,61 :: 		for(i = 0; i < 16; i++){
0x02A1	0x1303      	BCF        STATUS, 6
0x02A2	0x0AD0      	INCF       _i, 1
0x02A3	0x1903      	BTFSC      STATUS, 2
0x02A4	0x0AD1      	INCF       _i+1, 1
;Alzheimer.c,63 :: 		}
0x02A5	0x2A86      	GOTO       L_main7
L_main8:
;Alzheimer.c,64 :: 		aux = 0;
0x02A6	0x1283      	BCF        STATUS, 5
0x02A7	0x01EC      	CLRF       _aux
0x02A8	0x01ED      	CLRF       _aux+1
;Alzheimer.c,66 :: 		PORTC.RC0 = 0x00;
0x02A9	0x1007      	BCF        PORTC, 0
;Alzheimer.c,68 :: 		Lcd_Init();
0x02AA	0x213B      	CALL       _Lcd_Init
;Alzheimer.c,69 :: 		Lcd_Cmd(_LCD_CLEAR);
0x02AB	0x3001      	MOVLW      1
0x02AC	0x1283      	BCF        STATUS, 5
0x02AD	0x1703      	BSF        STATUS, 6
0x02AE	0x0098      	MOVWF      FARG_Lcd_Cmd_out_char
0x02AF	0x2055      	CALL       _Lcd_Cmd
;Alzheimer.c,70 :: 		Lcd_Cmd(_LCD_CURSOR_OFF);
0x02B0	0x300C      	MOVLW      12
0x02B1	0x1703      	BSF        STATUS, 6
0x02B2	0x0098      	MOVWF      FARG_Lcd_Cmd_out_char
0x02B3	0x2055      	CALL       _Lcd_Cmd
;Alzheimer.c,71 :: 		while(1){
L_main10:
;Alzheimer.c,72 :: 		adc = (ADC_Read(0) / 2) - 1;
0x02B4	0x1703      	BSF        STATUS, 6
0x02B5	0x0193      	CLRF       FARG_ADC_Read_channel
0x02B6	0x2111      	CALL       _ADC_Read
0x02B7	0x0870      	MOVF       R0, 0
0x02B8	0x00F2      	MOVWF      R2
0x02B9	0x0871      	MOVF       R0+1, 0
0x02BA	0x00F3      	MOVWF      R2+1
0x02BB	0x0CF3      	RRF        R2+1, 1
0x02BC	0x0CF2      	RRF        R2, 1
0x02BD	0x13F3      	BCF        R2+1, 7
0x02BE	0x3001      	MOVLW      1
0x02BF	0x0272      	SUBWF      R2, 0
0x02C0	0x00F0      	MOVWF      R0
0x02C1	0x3000      	MOVLW      0
0x02C2	0x1C03      	BTFSS      STATUS, 0
0x02C3	0x3E01      	ADDLW      1
0x02C4	0x0273      	SUBWF      R2+1, 0
0x02C5	0x00F1      	MOVWF      R0+1
0x02C6	0x0870      	MOVF       R0, 0
0x02C7	0x1283      	BCF        STATUS, 5
0x02C8	0x00EE      	MOVWF      _adc
0x02C9	0x0871      	MOVF       R0+1, 0
0x02CA	0x00EF      	MOVWF      _adc+1
;Alzheimer.c,73 :: 		PORTC.RC0 = 0x00;
0x02CB	0x1007      	BCF        PORTC, 0
;Alzheimer.c,74 :: 		ByteToStr(adc, str);
0x02CC	0x0870      	MOVF       R0, 0
0x02CD	0x1703      	BSF        STATUS, 6
0x02CE	0x0093      	MOVWF      FARG_ByteToStr_input
0x02CF	0x30CE      	MOVLW      _str
0x02D0	0x0094      	MOVWF      FARG_ByteToStr_output
0x02D1	0x20DD      	CALL       _ByteToStr
;Alzheimer.c,75 :: 		if(PORTB.B1 == !aux){
0x02D2	0x1303      	BCF        STATUS, 6
0x02D3	0x086C      	MOVF       _aux, 0
0x02D4	0x046D      	IORWF      _aux+1, 0
0x02D5	0x3001      	MOVLW      1
0x02D6	0x1D03      	BTFSS      STATUS, 2
0x02D7	0x3000      	MOVLW      0
0x02D8	0x00F2      	MOVWF      R2
0x02D9	0x01F1      	CLRF       R1
0x02DA	0x1886      	BTFSC      PORTB, 1
0x02DB	0x0AF1      	INCF       R1, 1
0x02DC	0x0871      	MOVF       R1, 0
0x02DD	0x0672      	XORWF      R2, 0
0x02DE	0x1D03      	BTFSS      STATUS, 2
0x02DF	0x2BA2      	GOTO       L_main12
;Alzheimer.c,76 :: 		Lcd_Cmd(_LCD_CLEAR);
0x02E0	0x3001      	MOVLW      1
0x02E1	0x1703      	BSF        STATUS, 6
0x02E2	0x0098      	MOVWF      FARG_Lcd_Cmd_out_char
0x02E3	0x2055      	CALL       _Lcd_Cmd
;Alzheimer.c,77 :: 		aux = PORTB.B1;
0x02E4	0x3000      	MOVLW      0
0x02E5	0x1886      	BTFSC      PORTB, 1
0x02E6	0x3001      	MOVLW      1
0x02E7	0x00EC      	MOVWF      _aux
0x02E8	0x01ED      	CLRF       _aux+1
;Alzheimer.c,78 :: 		if((timer != 3)&&(timer != 8)){
0x02E9	0x3000      	MOVLW      0
0x02EA	0x066B      	XORWF      _timer+1, 0
0x02EB	0x1D03      	BTFSS      STATUS, 2
0x02EC	0x2AEF      	GOTO       L__main36
0x02ED	0x3003      	MOVLW      3
0x02EE	0x066A      	XORWF      _timer, 0
L__main36:
0x02EF	0x1903      	BTFSC      STATUS, 2
0x02F0	0x2B0A      	GOTO       L_main15
0x02F1	0x3000      	MOVLW      0
0x02F2	0x066B      	XORWF      _timer+1, 0
0x02F3	0x1D03      	BTFSS      STATUS, 2
0x02F4	0x2AF7      	GOTO       L__main37
0x02F5	0x3008      	MOVLW      8
0x02F6	0x066A      	XORWF      _timer, 0
L__main37:
0x02F7	0x1903      	BTFSC      STATUS, 2
0x02F8	0x2B0A      	GOTO       L_main15
L__main29:
;Alzheimer.c,79 :: 		Lcd_Out(1, 1, "Ghassen");
0x02F9	0x3001      	MOVLW      1
0x02FA	0x1703      	BSF        STATUS, 6
0x02FB	0x0093      	MOVWF      FARG_Lcd_Out_row
0x02FC	0x3001      	MOVLW      1
0x02FD	0x0094      	MOVWF      FARG_Lcd_Out_column
0x02FE	0x3044      	MOVLW      ?lstr3_Alzheimer
0x02FF	0x0095      	MOVWF      FARG_Lcd_Out_text
0x0300	0x21CA      	CALL       _Lcd_Out
;Alzheimer.c,80 :: 		Lcd_Out(2, 1, "Have a good time.");
0x0301	0x3002      	MOVLW      2
0x0302	0x1283      	BCF        STATUS, 5
0x0303	0x1703      	BSF        STATUS, 6
0x0304	0x0093      	MOVWF      FARG_Lcd_Out_row
0x0305	0x3001      	MOVLW      1
0x0306	0x0094      	MOVWF      FARG_Lcd_Out_column
0x0307	0x3058      	MOVLW      ?lstr4_Alzheimer
0x0308	0x0095      	MOVWF      FARG_Lcd_Out_text
0x0309	0x21CA      	CALL       _Lcd_Out
;Alzheimer.c,81 :: 		}
L_main15:
;Alzheimer.c,82 :: 		if(timer == 3){
0x030A	0x3000      	MOVLW      0
0x030B	0x1283      	BCF        STATUS, 5
0x030C	0x066B      	XORWF      _timer+1, 0
0x030D	0x1D03      	BTFSS      STATUS, 2
0x030E	0x2B11      	GOTO       L__main38
0x030F	0x3003      	MOVLW      3
0x0310	0x066A      	XORWF      _timer, 0
L__main38:
0x0311	0x1D03      	BTFSS      STATUS, 2
0x0312	0x2B24      	GOTO       L_main16
;Alzheimer.c,83 :: 		Lcd_Out(1, 1, "Temperature");
0x0313	0x3001      	MOVLW      1
0x0314	0x1703      	BSF        STATUS, 6
0x0315	0x0093      	MOVWF      FARG_Lcd_Out_row
0x0316	0x3001      	MOVLW      1
0x0317	0x0094      	MOVWF      FARG_Lcd_Out_column
0x0318	0x304C      	MOVLW      ?lstr5_Alzheimer
0x0319	0x0095      	MOVWF      FARG_Lcd_Out_text
0x031A	0x21CA      	CALL       _Lcd_Out
;Alzheimer.c,84 :: 		Lcd_Out(2, 1, str);
0x031B	0x3002      	MOVLW      2
0x031C	0x1283      	BCF        STATUS, 5
0x031D	0x1703      	BSF        STATUS, 6
0x031E	0x0093      	MOVWF      FARG_Lcd_Out_row
0x031F	0x3001      	MOVLW      1
0x0320	0x0094      	MOVWF      FARG_Lcd_Out_column
0x0321	0x30CE      	MOVLW      _str
0x0322	0x0095      	MOVWF      FARG_Lcd_Out_text
0x0323	0x21CA      	CALL       _Lcd_Out
;Alzheimer.c,85 :: 		}
L_main16:
;Alzheimer.c,86 :: 		if(timer == 8){
0x0324	0x3000      	MOVLW      0
0x0325	0x1283      	BCF        STATUS, 5
0x0326	0x066B      	XORWF      _timer+1, 0
0x0327	0x1D03      	BTFSS      STATUS, 2
0x0328	0x2B2B      	GOTO       L__main39
0x0329	0x3008      	MOVLW      8
0x032A	0x066A      	XORWF      _timer, 0
L__main39:
0x032B	0x1D03      	BTFSS      STATUS, 2
0x032C	0x2B9F      	GOTO       L_main17
;Alzheimer.c,87 :: 		for(i = 0; i < 14; i++){
0x032D	0x1683      	BSF        STATUS, 5
0x032E	0x01D0      	CLRF       _i
0x032F	0x01D1      	CLRF       _i+1
L_main18:
0x0330	0x3080      	MOVLW      128
0x0331	0x0651      	XORWF      _i+1, 0
0x0332	0x00F0      	MOVWF      R0
0x0333	0x3080      	MOVLW      128
0x0334	0x0270      	SUBWF      R0, 0
0x0335	0x1D03      	BTFSS      STATUS, 2
0x0336	0x2B39      	GOTO       L__main40
0x0337	0x300E      	MOVLW      14
0x0338	0x0250      	SUBWF      _i, 0
L__main40:
0x0339	0x1803      	BTFSC      STATUS, 0
0x033A	0x2B5E      	GOTO       L_main19
;Alzheimer.c,88 :: 		lcdstr[i] = EEPROM_Read(0x02 + i);
0x033B	0x0850      	MOVF       _i, 0
0x033C	0x3ED2      	ADDLW      _lcdstr
0x033D	0x1283      	BCF        STATUS, 5
0x033E	0x1703      	BSF        STATUS, 6
0x033F	0x0092      	MOVWF      FLOC__main
0x0340	0x1683      	BSF        STATUS, 5
0x0341	0x1303      	BCF        STATUS, 6
0x0342	0x0850      	MOVF       _i, 0
0x0343	0x3E02      	ADDLW      2
0x0344	0x1283      	BCF        STATUS, 5
0x0345	0x1703      	BSF        STATUS, 6
0x0346	0x0093      	MOVWF      FARG_EEPROM_Read_Address
0x0347	0x2211      	CALL       _EEPROM_Read
0x0348	0x0812      	MOVF       FLOC__main, 0
0x0349	0x0084      	MOVWF      FSR
0x034A	0x0870      	MOVF       R0, 0
0x034B	0x0080      	MOVWF      INDF
;Alzheimer.c,89 :: 		aux = 0x02 + i;
0x034C	0x1683      	BSF        STATUS, 5
0x034D	0x1303      	BCF        STATUS, 6
0x034E	0x0850      	MOVF       _i, 0
0x034F	0x3E02      	ADDLW      2
0x0350	0x1283      	BCF        STATUS, 5
0x0351	0x00EC      	MOVWF      _aux
0x0352	0x3000      	MOVLW      0
0x0353	0x1803      	BTFSC      STATUS, 0
0x0354	0x3E01      	ADDLW      1
0x0355	0x1683      	BSF        STATUS, 5
0x0356	0x0751      	ADDWF      _i+1, 0
0x0357	0x1283      	BCF        STATUS, 5
0x0358	0x00ED      	MOVWF      _aux+1
;Alzheimer.c,87 :: 		for(i = 0; i < 14; i++){
0x0359	0x1683      	BSF        STATUS, 5
0x035A	0x0AD0      	INCF       _i, 1
0x035B	0x1903      	BTFSC      STATUS, 2
0x035C	0x0AD1      	INCF       _i+1, 1
;Alzheimer.c,90 :: 		}
0x035D	0x2B30      	GOTO       L_main18
L_main19:
;Alzheimer.c,91 :: 		Lcd_Out(1, 1, lcdstr);
0x035E	0x3001      	MOVLW      1
0x035F	0x1283      	BCF        STATUS, 5
0x0360	0x1703      	BSF        STATUS, 6
0x0361	0x0093      	MOVWF      FARG_Lcd_Out_row
0x0362	0x3001      	MOVLW      1
0x0363	0x0094      	MOVWF      FARG_Lcd_Out_column
0x0364	0x30D2      	MOVLW      _lcdstr
0x0365	0x0095      	MOVWF      FARG_Lcd_Out_text
0x0366	0x21CA      	CALL       _Lcd_Out
;Alzheimer.c,92 :: 		for(i = 0; i < 16; i++){
0x0367	0x01D0      	CLRF       _i
0x0368	0x01D1      	CLRF       _i+1
L_main21:
0x0369	0x3080      	MOVLW      128
0x036A	0x0651      	XORWF      _i+1, 0
0x036B	0x00F0      	MOVWF      R0
0x036C	0x3080      	MOVLW      128
0x036D	0x0270      	SUBWF      R0, 0
0x036E	0x1D03      	BTFSS      STATUS, 2
0x036F	0x2B72      	GOTO       L__main41
0x0370	0x3010      	MOVLW      16
0x0371	0x0250      	SUBWF      _i, 0
L__main41:
0x0372	0x1803      	BTFSC      STATUS, 0
0x0373	0x2B8C      	GOTO       L_main22
;Alzheimer.c,93 :: 		lcdstr[i] = EEPROM_Read(aux + i + 1);
0x0374	0x0850      	MOVF       _i, 0
0x0375	0x3ED2      	ADDLW      _lcdstr
0x0376	0x1283      	BCF        STATUS, 5
0x0377	0x1703      	BSF        STATUS, 6
0x0378	0x0092      	MOVWF      FLOC__main
0x0379	0x1683      	BSF        STATUS, 5
0x037A	0x1303      	BCF        STATUS, 6
0x037B	0x0850      	MOVF       _i, 0
0x037C	0x1283      	BCF        STATUS, 5
0x037D	0x076C      	ADDWF      _aux, 0
0x037E	0x1703      	BSF        STATUS, 6
0x037F	0x0093      	MOVWF      FARG_EEPROM_Read_Address
0x0380	0x0A93      	INCF       FARG_EEPROM_Read_Address, 1
0x0381	0x2211      	CALL       _EEPROM_Read
0x0382	0x0812      	MOVF       FLOC__main, 0
0x0383	0x0084      	MOVWF      FSR
0x0384	0x0870      	MOVF       R0, 0
0x0385	0x0080      	MOVWF      INDF
;Alzheimer.c,92 :: 		for(i = 0; i < 16; i++){
0x0386	0x1683      	BSF        STATUS, 5
0x0387	0x1303      	BCF        STATUS, 6
0x0388	0x0AD0      	INCF       _i, 1
0x0389	0x1903      	BTFSC      STATUS, 2
0x038A	0x0AD1      	INCF       _i+1, 1
;Alzheimer.c,94 :: 		}
0x038B	0x2B69      	GOTO       L_main21
L_main22:
;Alzheimer.c,95 :: 		Lcd_Out(2, 1, lcdstr);
0x038C	0x3002      	MOVLW      2
0x038D	0x1283      	BCF        STATUS, 5
0x038E	0x1703      	BSF        STATUS, 6
0x038F	0x0093      	MOVWF      FARG_Lcd_Out_row
0x0390	0x3001      	MOVLW      1
0x0391	0x0094      	MOVWF      FARG_Lcd_Out_column
0x0392	0x30D2      	MOVLW      _lcdstr
0x0393	0x0095      	MOVWF      FARG_Lcd_Out_text
0x0394	0x21CA      	CALL       _Lcd_Out
;Alzheimer.c,96 :: 		aux = PORTB.B1;
0x0395	0x3000      	MOVLW      0
0x0396	0x1283      	BCF        STATUS, 5
0x0397	0x1886      	BTFSC      PORTB, 1
0x0398	0x3001      	MOVLW      1
0x0399	0x00EC      	MOVWF      _aux
0x039A	0x01ED      	CLRF       _aux+1
;Alzheimer.c,97 :: 		timer = -1;
0x039B	0x30FF      	MOVLW      255
0x039C	0x00EA      	MOVWF      _timer
0x039D	0x30FF      	MOVLW      255
0x039E	0x00EB      	MOVWF      _timer+1
;Alzheimer.c,98 :: 		}
L_main17:
;Alzheimer.c,99 :: 		timer++;
0x039F	0x0AEA      	INCF       _timer, 1
0x03A0	0x1903      	BTFSC      STATUS, 2
0x03A1	0x0AEB      	INCF       _timer+1, 1
;Alzheimer.c,100 :: 		}
L_main12:
;Alzheimer.c,101 :: 		if(PORTB.B4 == 0){
0x03A2	0x1A06      	BTFSC      PORTB, 4
0x03A3	0x2BB6      	GOTO       L_main24
;Alzheimer.c,102 :: 		PORTC.RC3 = 1;
0x03A4	0x1587      	BSF        PORTC, 3
;Alzheimer.c,103 :: 		PORTC.RC4 = 0;
0x03A5	0x1207      	BCF        PORTC, 4
;Alzheimer.c,104 :: 		Delay_ms(2000);
0x03A6	0x3003      	MOVLW      3
0x03A7	0x00FB      	MOVWF      R11
0x03A8	0x308A      	MOVLW      138
0x03A9	0x00FC      	MOVWF      R12
0x03AA	0x3055      	MOVLW      85
0x03AB	0x00FD      	MOVWF      R13
L_main25:
0x03AC	0x0BFD      	DECFSZ     R13, 1
0x03AD	0x2BAC      	GOTO       L_main25
0x03AE	0x0BFC      	DECFSZ     R12, 1
0x03AF	0x2BAC      	GOTO       L_main25
0x03B0	0x0BFB      	DECFSZ     R11, 1
0x03B1	0x2BAC      	GOTO       L_main25
0x03B2	0x0000      	NOP
0x03B3	0x0000      	NOP
;Alzheimer.c,105 :: 		PORTC.RC3 = 0;
0x03B4	0x1187      	BCF        PORTC, 3
;Alzheimer.c,106 :: 		}
0x03B5	0x2BC9      	GOTO       L_main26
L_main24:
;Alzheimer.c,107 :: 		else if(PORTB.B5 == 0){
0x03B6	0x1A86      	BTFSC      PORTB, 5
0x03B7	0x2BC9      	GOTO       L_main27
;Alzheimer.c,108 :: 		PORTC.RC3 = 0;
0x03B8	0x1187      	BCF        PORTC, 3
;Alzheimer.c,109 :: 		PORTC.RC4 = 1;
0x03B9	0x1607      	BSF        PORTC, 4
;Alzheimer.c,110 :: 		Delay_ms(2000);
0x03BA	0x3003      	MOVLW      3
0x03BB	0x00FB      	MOVWF      R11
0x03BC	0x308A      	MOVLW      138
0x03BD	0x00FC      	MOVWF      R12
0x03BE	0x3055      	MOVLW      85
0x03BF	0x00FD      	MOVWF      R13
L_main28:
0x03C0	0x0BFD      	DECFSZ     R13, 1
0x03C1	0x2BC0      	GOTO       L_main28
0x03C2	0x0BFC      	DECFSZ     R12, 1
0x03C3	0x2BC0      	GOTO       L_main28
0x03C4	0x0BFB      	DECFSZ     R11, 1
0x03C5	0x2BC0      	GOTO       L_main28
0x03C6	0x0000      	NOP
0x03C7	0x0000      	NOP
;Alzheimer.c,111 :: 		PORTC.RC4 = 0;
0x03C8	0x1207      	BCF        PORTC, 4
;Alzheimer.c,112 :: 		}
L_main27:
L_main26:
;Alzheimer.c,113 :: 		}
0x03C9	0x2AB4      	GOTO       L_main10
;Alzheimer.c,114 :: 		}
L_end_main:
0x03CA	0x2BCA      	GOTO       $+0
; end of _main
0x0418	0x3023      	MOVLW      35
0x0419	0x0084      	MOVWF      FSR
0x041A	0x3047      	MOVLW      71
0x041B	0x1283      	BCF        STATUS, 5
0x041C	0x1303      	BCF        STATUS, 6
0x041D	0x00F0      	MOVWF      R0
0x041E	0x30D0      	MOVLW      208
0x041F	0x1683      	BSF        STATUS, 5
0x0420	0x00C8      	MOVWF      ___DoICPAddr
0x0421	0x3003      	MOVLW      3
0x0422	0x00C9      	MOVWF      201
0x0423	0x21A7      	CALL       423
0x0424	0x0008      	RETURN
;Alzheimer.c,0 :: ?ICS?lstr2_Alzheimer
0x03D0	0x3441 ;?ICS?lstr2_Alzheimer+0
0x03D1	0x3472 ;?ICS?lstr2_Alzheimer+1
0x03D2	0x3469 ;?ICS?lstr2_Alzheimer+2
0x03D3	0x3463 ;?ICS?lstr2_Alzheimer+3
0x03D4	0x3465 ;?ICS?lstr2_Alzheimer+4
0x03D5	0x3470 ;?ICS?lstr2_Alzheimer+5
0x03D6	0x3474 ;?ICS?lstr2_Alzheimer+6
0x03D7	0x3420 ;?ICS?lstr2_Alzheimer+7
0x03D8	0x3431 ;?ICS?lstr2_Alzheimer+8
0x03D9	0x3430 ;?ICS?lstr2_Alzheimer+9
0x03DA	0x346D ;?ICS?lstr2_Alzheimer+10
0x03DB	0x3467 ;?ICS?lstr2_Alzheimer+11
0x03DC	0x3420 ;?ICS?lstr2_Alzheimer+12
0x03DD	0x3433 ;?ICS?lstr2_Alzheimer+13
0x03DE	0x342F ;?ICS?lstr2_Alzheimer+14
0x03DF	0x344A ;?ICS?lstr2_Alzheimer+15
0x03E0	0x3400 ;?ICS?lstr2_Alzheimer+16
; end of ?ICS?lstr2_Alzheimer
;Alzheimer.c,0 :: ?ICS?lstr1_Alzheimer
0x03E1	0x3445 ;?ICS?lstr1_Alzheimer+0
0x03E2	0x3462 ;?ICS?lstr1_Alzheimer+1
0x03E3	0x3469 ;?ICS?lstr1_Alzheimer+2
0x03E4	0x3478 ;?ICS?lstr1_Alzheimer+3
0x03E5	0x3461 ;?ICS?lstr1_Alzheimer+4
0x03E6	0x3420 ;?ICS?lstr1_Alzheimer+5
0x03E7	0x3431 ;?ICS?lstr1_Alzheimer+6
0x03E8	0x3430 ;?ICS?lstr1_Alzheimer+7
0x03E9	0x346D ;?ICS?lstr1_Alzheimer+8
0x03EA	0x3467 ;?ICS?lstr1_Alzheimer+9
0x03EB	0x3420 ;?ICS?lstr1_Alzheimer+10
0x03EC	0x3432 ;?ICS?lstr1_Alzheimer+11
0x03ED	0x342F ;?ICS?lstr1_Alzheimer+12
0x03EE	0x344A ;?ICS?lstr1_Alzheimer+13
0x03EF	0x3400 ;?ICS?lstr1_Alzheimer+14
; end of ?ICS?lstr1_Alzheimer
;__Lib_ADC_A_C.c,0 :: ?ICS_vref_mask
0x03F0	0x340F ;?ICS_vref_mask+0
; end of ?ICS_vref_mask
;Alzheimer.c,0 :: ?ICS?lstr3_Alzheimer
0x03F1	0x3447 ;?ICS?lstr3_Alzheimer+0
0x03F2	0x3468 ;?ICS?lstr3_Alzheimer+1
0x03F3	0x3461 ;?ICS?lstr3_Alzheimer+2
0x03F4	0x3473 ;?ICS?lstr3_Alzheimer+3
0x03F5	0x3473 ;?ICS?lstr3_Alzheimer+4
0x03F6	0x3465 ;?ICS?lstr3_Alzheimer+5
0x03F7	0x346E ;?ICS?lstr3_Alzheimer+6
0x03F8	0x3400 ;?ICS?lstr3_Alzheimer+7
; end of ?ICS?lstr3_Alzheimer
;Alzheimer.c,0 :: ?ICS?lstr5_Alzheimer
0x03F9	0x3454 ;?ICS?lstr5_Alzheimer+0
0x03FA	0x3465 ;?ICS?lstr5_Alzheimer+1
0x03FB	0x346D ;?ICS?lstr5_Alzheimer+2
0x03FC	0x3470 ;?ICS?lstr5_Alzheimer+3
0x03FD	0x3465 ;?ICS?lstr5_Alzheimer+4
0x03FE	0x3472 ;?ICS?lstr5_Alzheimer+5
0x03FF	0x3461 ;?ICS?lstr5_Alzheimer+6
0x0400	0x3474 ;?ICS?lstr5_Alzheimer+7
0x0401	0x3475 ;?ICS?lstr5_Alzheimer+8
0x0402	0x3472 ;?ICS?lstr5_Alzheimer+9
0x0403	0x3465 ;?ICS?lstr5_Alzheimer+10
0x0404	0x3400 ;?ICS?lstr5_Alzheimer+11
; end of ?ICS?lstr5_Alzheimer
;Alzheimer.c,0 :: ?ICS?lstr4_Alzheimer
0x0405	0x3448 ;?ICS?lstr4_Alzheimer+0
0x0406	0x3461 ;?ICS?lstr4_Alzheimer+1
0x0407	0x3476 ;?ICS?lstr4_Alzheimer+2
0x0408	0x3465 ;?ICS?lstr4_Alzheimer+3
0x0409	0x3420 ;?ICS?lstr4_Alzheimer+4
0x040A	0x3461 ;?ICS?lstr4_Alzheimer+5
0x040B	0x3420 ;?ICS?lstr4_Alzheimer+6
0x040C	0x3467 ;?ICS?lstr4_Alzheimer+7
0x040D	0x346F ;?ICS?lstr4_Alzheimer+8
0x040E	0x346F ;?ICS?lstr4_Alzheimer+9
0x040F	0x3464 ;?ICS?lstr4_Alzheimer+10
0x0410	0x3420 ;?ICS?lstr4_Alzheimer+11
0x0411	0x3474 ;?ICS?lstr4_Alzheimer+12
0x0412	0x3469 ;?ICS?lstr4_Alzheimer+13
0x0413	0x346D ;?ICS?lstr4_Alzheimer+14
0x0414	0x3465 ;?ICS?lstr4_Alzheimer+15
0x0415	0x342E ;?ICS?lstr4_Alzheimer+16
0x0416	0x3400 ;?ICS?lstr4_Alzheimer+17
; end of ?ICS?lstr4_Alzheimer
Symbol List:
//** Routines locations **
//ADDRESS    SIZE    PROCEDURE
//----------------------------------------------
0x0003       [1]    _Delay_1us
0x0004      [61]    _interrupt
0x0041       [9]    _Delay_50us
0x004A      [11]    _Delay_5500us
0x0055      [94]    _Lcd_Cmd
0x00B3       [7]    _____DoICP
0x00BA      [11]    _Lcd_Chr_CP
0x00C5      [17]    _Div_8X8_U
0x00D6       [7]    _Delay_22us
0x00DD      [52]    _ByteToStr
0x0111      [42]    _ADC_Read
0x013B      [79]    _Lcd_Init
0x018A      [29]    _EEPROM_Write
0x01A7      [12]    ___CC2DW
0x01B3      [23]    _ADC_Init
0x01CA      [71]    _Lcd_Out
0x0211      [11]    _EEPROM_Read
0x021C      [27]    _strcpy
0x0237     [403]    _main
//** Variables locations ** 
//ADDRESS    SIZE    VARIABLE
//----------------------------------------------
0x0000       [1]    INDF
0x0002       [1]    PCL
0x0003       [1]    STATUS
0x0004       [1]    FSR
0x0006       [1]    PORTB
0x0007       [1]    PORTC
0x0008       [0]    RD3_bit
0x0008       [0]    RD2_bit
0x0008       [0]    RD5_bit
0x0008       [0]    RD4_bit
0x0008       [0]    LCD_D7
0x0008       [0]    RD1_bit
0x0008       [0]    RD0_bit
0x0008       [0]    LCD_D4
0x0008       [0]    LCD_EN
0x0008       [0]    LCD_RS
0x0008       [0]    LCD_D5
0x0008       [0]    LCD_D6
0x000A       [1]    PCLATH
0x000B       [1]    INTCON
0x001E       [1]    ADRESH
0x001F       [1]    ADCON0
0x0023      [17]    ?lstr2_Alzheimer
0x0034      [15]    ?lstr1_Alzheimer
0x0043       [1]    _vref_mask
0x0044       [8]    ?lstr3_Alzheimer
0x004C      [12]    ?lstr5_Alzheimer
0x0058      [18]    ?lstr4_Alzheimer
0x006A       [2]    _timer
0x006C       [2]    _aux
0x006E       [2]    _adc
0x0070       [1]    R0
0x0071       [1]    R1
0x0072       [1]    R2
0x0073       [1]    R3
0x0074       [1]    R4
0x0075       [1]    R5
0x0076       [1]    R6
0x0077       [1]    R7
0x0078       [1]    R8
0x0079       [1]    R9
0x007A       [1]    R10
0x007B       [1]    R11
0x007C       [1]    R12
0x007D       [1]    R13
0x007E       [1]    R14
0x007F       [1]    R15
0x0081       [1]    OPTION_REG
0x0085       [1]    TRISA
0x0086       [0]    TRISB1_bit
0x0086       [0]    TRISB4_bit
0x0086       [0]    TRISB5_bit
0x0087       [1]    TRISC
0x0088       [0]    LCD_D4_Direction
0x0088       [0]    LCD_RS_Direction
0x0088       [0]    LCD_EN_Direction
0x0088       [0]    LCD_D5_Direction
0x0088       [0]    LCD_D6_Direction
0x0088       [0]    LCD_D7_Direction
0x0088       [0]    TRISD5_bit
0x0088       [0]    TRISD4_bit
0x0088       [0]    TRISD1_bit
0x0088       [0]    TRISD0_bit
0x0088       [0]    TRISD3_bit
0x0088       [0]    TRISD2_bit
0x009E       [1]    ADRESL
0x009F       [1]    ADCON1
0x00A0      [40]    _med
0x00C8       [2]    ___DoICPAddr
0x00CA       [0]    __Lib_Lcd_cmd_status
0x00CB       [3]    _ADC_Get_Sample_Ptr
0x00CE       [2]    _str
0x00D0       [2]    _i
0x00D2      [30]    _lcdstr
0x010C       [1]    EEDATA
0x010D       [1]    EEADR
0x0110       [1]    ___savePCLATH
0x0111       [1]    ___saveSTATUS
0x0112       [1]    FLOC__main
0x0113       [1]    FARG_strcpy_to
0x0113       [1]    FARG_ByteToStr_input
0x0113       [1]    FARG_Lcd_Out_row
0x0113       [1]    FARG_ADC_Read_channel
0x0113       [1]    FARG_EEPROM_Read_Address
0x0113       [1]    FARG_EEPROM_Write_Address
0x0114       [1]    FARG_ByteToStr_output
0x0114       [1]    FARG_EEPROM_Write_data_
0x0114       [1]    FARG_strcpy_from
0x0114       [1]    FARG_Lcd_Out_column
0x0115       [1]    FARG_Lcd_Out_text
0x0115       [1]    ByteToStr_DigitPos_L0
0x0116       [1]    FLOC__ByteToStr
0x0116       [1]    Lcd_Out_i_L0
0x0117       [1]    FARG_Lcd_Chr_CP_out_char
0x0118       [1]    FARG_Lcd_Cmd_out_char
0x018C       [1]    EECON1
0x018D       [1]    EECON2
//** Constants locations ** 
//ADDRESS    SIZE    CONSTANT
//----------------------------------------------
0x03D0      [17]    ?ICS?lstr2_Alzheimer
0x03E1      [15]    ?ICS?lstr1_Alzheimer
0x03F0       [1]    ?ICS_vref_mask
0x03F1       [8]    ?ICS?lstr3_Alzheimer
0x03F9      [12]    ?ICS?lstr5_Alzheimer
0x0405      [18]    ?ICS?lstr4_Alzheimer
